[0.006s] Invoking command in '/home/kashif/SDR/temp3/my_gazebo_tutorials/build/walker': CMAKE_PREFIX_PATH=${CMAKE_PREFIX_PATH}:/opt/ros/humble /usr/bin/cmake /home/kashif/SDR/temp3/my_gazebo_tutorials/walker -DCMAKE_INSTALL_PREFIX=/home/kashif/SDR/temp3/my_gazebo_tutorials/install/walker
[0.063s] -- The C compiler identification is GNU 11.4.0
[0.118s] -- The CXX compiler identification is GNU 11.4.0
[0.124s] -- Detecting C compiler ABI info
[0.198s] -- Detecting C compiler ABI info - done
[0.205s] -- Check for working C compiler: /usr/bin/cc - skipped
[0.205s] -- Detecting C compile features
[0.206s] -- Detecting C compile features - done
[0.209s] -- Detecting CXX compiler ABI info
[0.290s] -- Detecting CXX compiler ABI info - done
[0.295s] -- Check for working CXX compiler: /usr/bin/c++ - skipped
[0.295s] -- Detecting CXX compile features
[0.295s] -- Detecting CXX compile features - done
[0.308s] -- Found ament_cmake: 1.3.10 (/opt/ros/humble/share/ament_cmake/cmake)
[0.451s] -- Found Python3: /usr/bin/python3 (found version "3.10.12") found components: Interpreter 
[0.518s] -- Found rclcpp: 16.0.10 (/opt/ros/humble/share/rclcpp/cmake)
[0.554s] -- Found rosidl_generator_c: 3.1.5 (/opt/ros/humble/share/rosidl_generator_c/cmake)
[0.557s] -- Found rosidl_adapter: 3.1.5 (/opt/ros/humble/share/rosidl_adapter/cmake)
[0.562s] -- Found rosidl_generator_cpp: 3.1.5 (/opt/ros/humble/share/rosidl_generator_cpp/cmake)
[0.569s] -- Using all available rosidl_typesupport_c: rosidl_typesupport_fastrtps_c;rosidl_typesupport_introspection_c
[0.580s] -- Using all available rosidl_typesupport_cpp: rosidl_typesupport_fastrtps_cpp;rosidl_typesupport_introspection_cpp
[0.607s] -- Found rmw_implementation_cmake: 6.1.2 (/opt/ros/humble/share/rmw_implementation_cmake/cmake)
[0.609s] -- Found rmw_fastrtps_cpp: 6.2.7 (/opt/ros/humble/share/rmw_fastrtps_cpp/cmake)
[0.686s] -- Found OpenSSL: /usr/lib/x86_64-linux-gnu/libcrypto.so (found version "3.0.2")  
[0.720s] -- Found FastRTPS: /opt/ros/humble/include  
[0.752s] -- Using RMW implementation 'rmw_fastrtps_cpp' as default
[0.758s] -- Looking for pthread.h
[0.836s] -- Looking for pthread.h - found
[0.836s] -- Performing Test CMAKE_HAVE_LIBC_PTHREAD
[0.912s] -- Performing Test CMAKE_HAVE_LIBC_PTHREAD - Success
[0.913s] -- Found Threads: TRUE  
[0.952s] -- Found sensor_msgs: 4.2.4 (/opt/ros/humble/share/sensor_msgs/cmake)
[0.973s] -- Found ament_lint_auto: 0.12.11 (/opt/ros/humble/share/ament_lint_auto/cmake)
[1.016s] -- Configuring done
[1.022s] -- Generating done
[1.023s] -- Build files have been written to: /home/kashif/SDR/temp3/my_gazebo_tutorials/build/walker
[1.031s] Invoked command in '/home/kashif/SDR/temp3/my_gazebo_tutorials/build/walker' returned '0': CMAKE_PREFIX_PATH=${CMAKE_PREFIX_PATH}:/opt/ros/humble /usr/bin/cmake /home/kashif/SDR/temp3/my_gazebo_tutorials/walker -DCMAKE_INSTALL_PREFIX=/home/kashif/SDR/temp3/my_gazebo_tutorials/install/walker
[1.032s] Invoking command in '/home/kashif/SDR/temp3/my_gazebo_tutorials/build/walker': CMAKE_PREFIX_PATH=${CMAKE_PREFIX_PATH}:/opt/ros/humble /usr/bin/cmake --build /home/kashif/SDR/temp3/my_gazebo_tutorials/build/walker -- -j20 -l20
[1.081s] [ 33%] [32mBuilding CXX object CMakeFiles/robot_control.dir/src/walker_node.cpp.o[0m
[1.082s] [ 66%] [32mBuilding CXX object CMakeFiles/robot_control.dir/src/main.cpp.o[0m
[1.219s] In file included from [01m[K/home/kashif/SDR/temp3/my_gazebo_tutorials/walker/src/walker_node.cpp:1[m[K:
[1.219s] [01m[K/home/kashif/SDR/temp3/my_gazebo_tutorials/walker/include/walker/walker_node.hpp:28:4:[m[K [01;31m[Kerror: [m[Kstray â€˜[01m[K@[m[Kâ€™ in program
[1.219s]    28 |  * [01;31m[K@[m[Kbrief Main robot control class implementing obstacle avoidance behavior.
[1.219s]       |    [01;31m[K^[m[K
[1.219s] [01m[K/home/kashif/SDR/temp3/my_gazebo_tutorials/walker/include/walker/walker_node.hpp:30:38:[m[K [01;35m[Kwarning: [m[Kmissing terminating ' character
[1.219s]    30 |  * The Walker class manages the robot[01;35m[K'[m[Ks movement and state transitions based on
[1.219s]       |                                      [01;35m[K^[m[K
[1.219s] [01m[K/home/kashif/SDR/temp3/my_gazebo_tutorials/walker/include/walker/walker_node.hpp:30:38:[m[K [01;31m[Kerror: [m[Kmissing terminating ' character
[1.219s]    30 |  * The Walker class manages the robot[01;31m[K's movement and state transitions based on[m[K
[1.219s]       |                                      [01;31m[K^~~~~~~~~~~~~~~~~~~~~~~~~~~~~~~~~~~~~~~~~~[m[K
[1.221s] In file included from [01m[K/home/kashif/SDR/temp3/my_gazebo_tutorials/walker/src/main.cpp:12[m[K:
[1.221s] [01m[K/home/kashif/SDR/temp3/my_gazebo_tutorials/walker/include/walker/walker_node.hpp:28:4:[m[K [01;31m[Kerror: [m[Kstray â€˜[01m[K@[m[Kâ€™ in program
[1.221s]    28 |  * [01;31m[K@[m[Kbrief Main robot control class implementing obstacle avoidance behavior.
[1.221s]       |    [01;31m[K^[m[K
[1.221s] [01m[K/home/kashif/SDR/temp3/my_gazebo_tutorials/walker/include/walker/walker_node.hpp:30:38:[m[K [01;35m[Kwarning: [m[Kmissing terminating ' character
[1.221s]    30 |  * The Walker class manages the robot[01;35m[K'[m[Ks movement and state transitions based on
[1.221s]       |                                      [01;35m[K^[m[K
[1.221s] [01m[K/home/kashif/SDR/temp3/my_gazebo_tutorials/walker/include/walker/walker_node.hpp:30:38:[m[K [01;31m[Kerror: [m[Kmissing terminating ' character
[1.221s]    30 |  * The Walker class manages the robot[01;31m[K's movement and state transitions based on[m[K
[1.221s]       |                                      [01;31m[K^~~~~~~~~~~~~~~~~~~~~~~~~~~~~~~~~~~~~~~~~~[m[K
[2.568s] [01m[K/home/kashif/SDR/temp3/my_gazebo_tutorials/walker/include/walker/walker_node.hpp:28:11:[m[K [01;31m[Kerror: [m[Kexpected constructor, destructor, or type conversion before â€˜[01m[KMain[m[Kâ€™
[2.568s]    28 |  * @brief [01;31m[KMain[m[K robot control class implementing obstacle avoidance behavior.
[2.568s]       |           [01;31m[K^~~~[m[K
[2.568s] [01m[K/home/kashif/SDR/temp3/my_gazebo_tutorials/walker/include/walker/walker_node.hpp:125:25:[m[K [01;31m[Kerror: [m[Kâ€˜[01m[KWalker[m[Kâ€™ has not been declared
[2.569s]   125 |     virtual void handle([01;31m[KWalker[m[K *walker,
[2.569s]       |                         [01;31m[K^~~~~~[m[K
[2.569s] [01m[K/home/kashif/SDR/temp3/my_gazebo_tutorials/walker/include/walker/walker_node.hpp:144:17:[m[K [01;31m[Kerror: [m[Kâ€˜[01m[KWalker[m[Kâ€™ has not been declared
[2.569s]   144 |     void handle([01;31m[KWalker[m[K *walker,
[2.569s]       |                 [01;31m[K^~~~~~[m[K
[2.569s] [01m[K/home/kashif/SDR/temp3/my_gazebo_tutorials/walker/include/walker/walker_node.hpp:168:17:[m[K [01;31m[Kerror: [m[Kâ€˜[01m[KWalker[m[Kâ€™ has not been declared
[2.569s]   168 |     void handle([01;31m[KWalker[m[K *walker,
[2.569s]       |                 [01;31m[K^~~~~~[m[K
[2.569s] [01m[K/home/kashif/SDR/temp3/my_gazebo_tutorials/walker/src/walker_node.cpp:10:1:[m[K [01;31m[Kerror: [m[Kâ€˜[01m[KWalker[m[Kâ€™ does not name a type
[2.569s]    10 | [01;31m[KWalker[m[K::Walker() : Node("walker"), rotation_direction_(1.0) {
[2.569s]       | [01;31m[K^~~~~~[m[K
[2.569s] [01m[K/home/kashif/SDR/temp3/my_gazebo_tutorials/walker/src/walker_node.cpp:31:6:[m[K [01;31m[Kerror: [m[Kâ€˜[01m[KWalker[m[Kâ€™ has not been declared
[2.569s]    31 | void [01;31m[KWalker[m[K::scan_callback(const sensor_msgs::msg::LaserScan::SharedPtr scan) {
[2.569s]       |      [01;31m[K^~~~~~[m[K
[2.574s] [01m[K/home/kashif/SDR/temp3/my_gazebo_tutorials/walker/src/walker_node.cpp:[m[K In function â€˜[01m[Kvoid scan_callback(sensor_msgs::msg::LaserScan_<std::allocator<void> >::SharedPtr)[m[Kâ€™:
[2.574s] [01m[K/home/kashif/SDR/temp3/my_gazebo_tutorials/walker/src/walker_node.cpp:32:3:[m[K [01;31m[Kerror: [m[Kâ€˜[01m[Kcurrent_state_[m[Kâ€™ was not declared in this scope
[2.575s]    32 |   [01;31m[Kcurrent_state_[m[K->handle(this, scan);
[2.575s]       |   [01;31m[K^~~~~~~~~~~~~~[m[K
[2.575s] [01m[K/home/kashif/SDR/temp3/my_gazebo_tutorials/walker/src/walker_node.cpp:32:26:[m[K [01;31m[Kerror: [m[Kinvalid use of â€˜[01m[Kthis[m[Kâ€™ in non-member function
[2.575s]    32 |   current_state_->handle([01;31m[Kthis[m[K, scan);
[2.575s]       |                          [01;31m[K^~~~[m[K
[2.575s] [01m[K/home/kashif/SDR/temp3/my_gazebo_tutorials/walker/src/walker_node.cpp:[m[K At global scope:
[2.575s] [01m[K/home/kashif/SDR/temp3/my_gazebo_tutorials/walker/src/walker_node.cpp:41:6:[m[K [01;31m[Kerror: [m[Kâ€˜[01m[KWalker[m[Kâ€™ has not been declared
[2.575s]    41 | void [01;31m[KWalker[m[K::change_state(WalkerState* new_state) {
[2.575s]       |      [01;31m[K^~~~~~[m[K
[2.578s] [01m[K/home/kashif/SDR/temp3/my_gazebo_tutorials/walker/src/walker_node.cpp:[m[K In function â€˜[01m[Kvoid change_state(WalkerState*)[m[Kâ€™:
[2.578s] [01m[K/home/kashif/SDR/temp3/my_gazebo_tutorials/walker/src/walker_node.cpp:42:10:[m[K [01;31m[Kerror: [m[Kâ€˜[01m[Kcurrent_state_[m[Kâ€™ was not declared in this scope
[2.578s]    42 |   delete [01;31m[Kcurrent_state_[m[K;
[2.578s]       |          [01;31m[K^~~~~~~~~~~~~~[m[K
[2.578s] [01m[K/home/kashif/SDR/temp3/my_gazebo_tutorials/walker/src/walker_node.cpp:[m[K At global scope:
[2.578s] [01m[K/home/kashif/SDR/temp3/my_gazebo_tutorials/walker/src/walker_node.cpp:53:6:[m[K [01;31m[Kerror: [m[Kâ€˜[01m[KWalker[m[Kâ€™ has not been declared
[2.578s]    53 | void [01;31m[KWalker[m[K::publish_velocity(double linear, double angular) {
[2.578s]       |      [01;31m[K^~~~~~[m[K
[2.580s] [01m[K/home/kashif/SDR/temp3/my_gazebo_tutorials/walker/src/walker_node.cpp:[m[K In function â€˜[01m[Kvoid publish_velocity(double, double)[m[Kâ€™:
[2.580s] [01m[K/home/kashif/SDR/temp3/my_gazebo_tutorials/walker/src/walker_node.cpp:57:3:[m[K [01;31m[Kerror: [m[Kâ€˜[01m[Kvel_publisher_[m[Kâ€™ was not declared in this scope; did you mean â€˜[01m[Krcl_publisher_t[m[Kâ€™?
[2.580s]    57 |   [01;31m[Kvel_publisher_[m[K->publish(msg);
[2.580s]       |   [01;31m[K^~~~~~~~~~~~~~[m[K
[2.580s]       |   [32m[Krcl_publisher_t[m[K
[2.580s] [01m[K/home/kashif/SDR/temp3/my_gazebo_tutorials/walker/src/walker_node.cpp:[m[K At global scope:
[2.580s] [01m[K/home/kashif/SDR/temp3/my_gazebo_tutorials/walker/src/walker_node.cpp:78:6:[m[K [01;31m[Kerror: [m[Kâ€˜[01m[KWalker[m[Kâ€™ has not been declared
[2.580s]    78 | bool [01;31m[KWalker[m[K::is_path_clear(
[2.580s]       |      [01;31m[K^~~~~~[m[K
[2.580s] [01m[K/home/kashif/SDR/temp3/my_gazebo_tutorials/walker/src/walker_node.cpp:79:56:[m[K [01;31m[Kerror: [m[Knon-member function â€˜[01m[Kbool is_path_clear(sensor_msgs::msg::LaserScan_<std::allocator<void> >::SharedPtr)[m[Kâ€™ cannot have cv-qualifier
[2.580s]    79 |     const sensor_msgs::msg::LaserScan::SharedPtr scan) [01;31m[Kconst[m[K {
[2.580s]       |                                                        [01;31m[K^~~~~[m[K
[2.581s] [01m[K/home/kashif/SDR/temp3/my_gazebo_tutorials/walker/include/walker/walker_node.hpp:28:11:[m[K [01;31m[Kerror: [m[Kexpected constructor, destructor, or type conversion before â€˜[01m[KMain[m[Kâ€™
[2.581s]    28 |  * @brief [01;31m[KMain[m[K robot control class implementing obstacle avoidance behavior.
[2.581s]       |           [01;31m[K^~~~[m[K
[2.581s] [01m[K/home/kashif/SDR/temp3/my_gazebo_tutorials/walker/include/walker/walker_node.hpp:125:25:[m[K [01;31m[Kerror: [m[Kâ€˜[01m[KWalker[m[Kâ€™ has not been declared
[2.581s]   125 |     virtual void handle([01;31m[KWalker[m[K *walker,
[2.581s]       |                         [01;31m[K^~~~~~[m[K
[2.581s] [01m[K/home/kashif/SDR/temp3/my_gazebo_tutorials/walker/include/walker/walker_node.hpp:144:17:[m[K [01;31m[Kerror: [m[Kâ€˜[01m[KWalker[m[Kâ€™ has not been declared
[2.581s]   144 |     void handle([01;31m[KWalker[m[K *walker,
[2.581s]       |                 [01;31m[K^~~~~~[m[K
[2.581s] [01m[K/home/kashif/SDR/temp3/my_gazebo_tutorials/walker/include/walker/walker_node.hpp:168:17:[m[K [01;31m[Kerror: [m[Kâ€˜[01m[KWalker[m[Kâ€™ has not been declared
[2.581s]   168 |     void handle([01;31m[KWalker[m[K *walker,
[2.581s]       |                 [01;31m[K^~~~~~[m[K
[2.583s] [01m[K/home/kashif/SDR/temp3/my_gazebo_tutorials/walker/src/walker_node.cpp:[m[K In function â€˜[01m[Kbool is_path_clear(sensor_msgs::msg::LaserScan_<std::allocator<void> >::SharedPtr)[m[Kâ€™:
[2.583s] [01m[K/home/kashif/SDR/temp3/my_gazebo_tutorials/walker/src/walker_node.cpp:87:27:[m[K [01;31m[Kerror: [m[Kâ€˜[01m[KSAFE_DISTANCE[m[Kâ€™ was not declared in this scope
[2.583s]    87 |     if (scan->ranges[i] < [01;31m[KSAFE_DISTANCE[m[K) {
[2.583s]       |                           [01;31m[K^~~~~~~~~~~~~[m[K
[2.583s] [01m[K/home/kashif/SDR/temp3/my_gazebo_tutorials/walker/src/main.cpp:[m[K In function â€˜[01m[Kint main(int, char**)[m[Kâ€™:
[2.583s] [01m[K/home/kashif/SDR/temp3/my_gazebo_tutorials/walker/src/main.cpp:26:32:[m[K [01;31m[Kerror: [m[Kâ€˜[01m[KWalker[m[Kâ€™ was not declared in this scope
[2.583s]    26 |   auto node = std::make_shared<[01;31m[KWalker[m[K>();
[2.583s]       |                                [01;31m[K^~~~~~[m[K
[2.583s] [01m[K/home/kashif/SDR/temp3/my_gazebo_tutorials/walker/src/main.cpp:26:39:[m[K [01;31m[Kerror: [m[Kno matching function for call to â€˜[01m[Kmake_shared<<expression error> >()[m[Kâ€™
[2.583s]    26 |   auto node = [01;31m[Kstd::make_shared<Walker>()[m[K;
[2.583s]       |               [01;31m[K~~~~~~~~~~~~~~~~~~~~~~~~^~[m[K
[2.583s] In file included from [01m[K/usr/include/c++/11/memory:77[m[K,
[2.583s]                  from [01m[K/opt/ros/humble/include/geometry_msgs/geometry_msgs/msg/detail/twist__struct.hpp:10[m[K,
[2.583s]                  from [01m[K/opt/ros/humble/include/geometry_msgs/geometry_msgs/msg/twist.hpp:7[m[K,
[2.583s]                  from [01m[K/home/kashif/SDR/temp3/my_gazebo_tutorials/walker/include/walker/walker_node.hpp:4[m[K,
[2.583s]                  from [01m[K/home/kashif/SDR/temp3/my_gazebo_tutorials/walker/src/main.cpp:12[m[K:
[2.583s] [01m[K/usr/include/c++/11/bits/shared_ptr.h:875:5:[m[K [01;36m[Knote: [m[Kcandidate: â€˜[01m[Ktemplate<class _Tp, class ... _Args> std::shared_ptr<_Tp> std::make_shared(_Args&& ...)[m[Kâ€™
[2.583s]   875 |     [01;36m[Kmake_shared[m[K(_Args&&... __args)
[2.584s]       |     [01;36m[K^~~~~~~~~~~[m[K
[2.584s] [01m[K/usr/include/c++/11/bits/shared_ptr.h:875:5:[m[K [01;36m[Knote: [m[K  template argument deduction/substitution failed:
[2.584s] [01m[K/home/kashif/SDR/temp3/my_gazebo_tutorials/walker/src/main.cpp:26:39:[m[K [01;31m[Kerror: [m[Ktemplate argument 1 is invalid
[2.584s]    26 |   auto node = [01;31m[Kstd::make_shared<Walker>()[m[K;
[2.584s]       |               [01;31m[K~~~~~~~~~~~~~~~~~~~~~~~~^~[m[K
[2.586s] [01m[K/home/kashif/SDR/temp3/my_gazebo_tutorials/walker/src/walker_node.cpp:96:27:[m[K [01;31m[Kerror: [m[Kâ€˜[01m[KSAFE_DISTANCE[m[Kâ€™ was not declared in this scope
[2.586s]    96 |     if (scan->ranges[i] < [01;31m[KSAFE_DISTANCE[m[K) {
[2.586s]       |                           [01;31m[K^~~~~~~~~~~~~[m[K
[2.586s] [01m[K/home/kashif/SDR/temp3/my_gazebo_tutorials/walker/src/walker_node.cpp:[m[K At global scope:
[2.586s] [01m[K/home/kashif/SDR/temp3/my_gazebo_tutorials/walker/src/walker_node.cpp:111:6:[m[K [01;31m[Kerror: [m[Kâ€˜[01m[KWalker[m[Kâ€™ has not been declared
[2.586s]   111 | void [01;31m[KWalker[m[K::toggle_rotation_direction() { rotation_direction_ *= -1.0; }
[2.586s]       |      [01;31m[K^~~~~~[m[K
[2.590s] [01m[K/home/kashif/SDR/temp3/my_gazebo_tutorials/walker/src/walker_node.cpp:[m[K In function â€˜[01m[Kvoid toggle_rotation_direction()[m[Kâ€™:
[2.590s] [01m[K/home/kashif/SDR/temp3/my_gazebo_tutorials/walker/src/walker_node.cpp:111:44:[m[K [01;31m[Kerror: [m[Kâ€˜[01m[Krotation_direction_[m[Kâ€™ was not declared in this scope; did you mean â€˜[01m[Ktoggle_rotation_direction[m[Kâ€™?
[2.590s]   111 | void Walker::toggle_rotation_direction() { [01;31m[Krotation_direction_[m[K *= -1.0; }
[2.590s]       |                                            [01;31m[K^~~~~~~~~~~~~~~~~~~[m[K
[2.590s]       |                                            [32m[Ktoggle_rotation_direction[m[K
[2.590s] [01m[K/home/kashif/SDR/temp3/my_gazebo_tutorials/walker/src/walker_node.cpp:[m[K At global scope:
[2.590s] [01m[K/home/kashif/SDR/temp3/my_gazebo_tutorials/walker/src/walker_node.cpp:119:30:[m[K [01;31m[Kerror: [m[Kâ€˜[01m[KWalker[m[Kâ€™ has not been declared
[2.590s]   119 | rclcpp::TimerBase::SharedPtr [01;31m[KWalker[m[K::create_timer(
[2.590s]       |                              [01;31m[K^~~~~~[m[K
[2.590s] [01m[K/home/kashif/SDR/temp3/my_gazebo_tutorials/walker/src/walker_node.cpp:[m[K In function â€˜[01m[Krclcpp::TimerBase::SharedPtr create_timer(const std::chrono::duration<double>&, std::function<void()>)[m[Kâ€™:
[2.590s] [01m[K/home/kashif/SDR/temp3/my_gazebo_tutorials/walker/src/walker_node.cpp:122:10:[m[K [01;31m[Kerror: [m[Kinvalid use of â€˜[01m[Kthis[m[Kâ€™ in non-member function
[2.590s]   122 |   return [01;31m[Kthis[m[K->create_wall_timer(period, callback);
[2.590s]       |          [01;31m[K^~~~[m[K
[2.590s] [01m[K/home/kashif/SDR/temp3/my_gazebo_tutorials/walker/src/walker_node.cpp:[m[K At global scope:
[2.590s] [01m[K/home/kashif/SDR/temp3/my_gazebo_tutorials/walker/src/walker_node.cpp:134:6:[m[K [01;31m[Kerror: [m[Kvariable or field â€˜[01m[Khandle[m[Kâ€™ declared void
[2.590s]   134 | void [01;31m[KRotationState[m[K::handle(Walker* walker,
[2.590s]       |      [01;31m[K^~~~~~~~~~~~~[m[K
[2.592s] [01m[K/home/kashif/SDR/temp3/my_gazebo_tutorials/walker/src/walker_node.cpp:134:28:[m[K [01;31m[Kerror: [m[Kâ€˜[01m[KWalker[m[Kâ€™ was not declared in this scope
[2.592s]   134 | void RotationState::handle([01;31m[KWalker[m[K* walker,
[2.592s]       |                            [01;31m[K^~~~~~[m[K
[2.594s] [01m[K/home/kashif/SDR/temp3/my_gazebo_tutorials/walker/src/walker_node.cpp:134:36:[m[K [01;31m[Kerror: [m[Kâ€˜[01m[Kwalker[m[Kâ€™ was not declared in this scope
[2.594s]   134 | void RotationState::handle(Walker* [01;31m[Kwalker[m[K,
[2.594s]       |                                    [01;31m[K^~~~~~[m[K
[2.594s] [01m[K/home/kashif/SDR/temp3/my_gazebo_tutorials/walker/src/walker_node.cpp:135:28:[m[K [01;31m[Kerror: [m[Kexpected primary-expression before â€˜[01m[Kconst[m[Kâ€™
[2.594s]   135 |                            [01;31m[Kconst[m[K sensor_msgs::msg::LaserScan::SharedPtr scan) {
[2.594s]       |                            [01;31m[K^~~~~[m[K
[2.594s] [01m[K/home/kashif/SDR/temp3/my_gazebo_tutorials/walker/src/walker_node.cpp:169:6:[m[K [01;31m[Kerror: [m[Kvariable or field â€˜[01m[Khandle[m[Kâ€™ declared void
[2.594s]   169 | void [01;31m[KForwardState[m[K::handle(Walker* walker,
[2.594s]       |      [01;31m[K^~~~~~~~~~~~[m[K
[2.596s] [01m[K/home/kashif/SDR/temp3/my_gazebo_tutorials/walker/src/walker_node.cpp:169:27:[m[K [01;31m[Kerror: [m[Kâ€˜[01m[KWalker[m[Kâ€™ was not declared in this scope
[2.596s]   169 | void ForwardState::handle([01;31m[KWalker[m[K* walker,
[2.596s]       |                           [01;31m[K^~~~~~[m[K
[2.597s] [01m[K/home/kashif/SDR/temp3/my_gazebo_tutorials/walker/src/walker_node.cpp:169:35:[m[K [01;31m[Kerror: [m[Kâ€˜[01m[Kwalker[m[Kâ€™ was not declared in this scope
[2.597s]   169 | void ForwardState::handle(Walker* [01;31m[Kwalker[m[K,
[2.597s]       |                                   [01;31m[K^~~~~~[m[K
[2.597s] [01m[K/home/kashif/SDR/temp3/my_gazebo_tutorials/walker/src/walker_node.cpp:170:27:[m[K [01;31m[Kerror: [m[Kexpected primary-expression before â€˜[01m[Kconst[m[Kâ€™
[2.598s]   170 |                           [01;31m[Kconst[m[K sensor_msgs::msg::LaserScan::SharedPtr scan) {
[2.598s]       |                           [01;31m[K^~~~~[m[K
[2.867s] gmake[2]: *** [CMakeFiles/robot_control.dir/build.make:76: CMakeFiles/robot_control.dir/src/main.cpp.o] Error 1
[2.867s] gmake[2]: *** Waiting for unfinished jobs....
[2.880s] gmake[2]: *** [CMakeFiles/robot_control.dir/build.make:90: CMakeFiles/robot_control.dir/src/walker_node.cpp.o] Error 1
[2.880s] gmake[1]: *** [CMakeFiles/Makefile2:137: CMakeFiles/robot_control.dir/all] Error 2
[2.880s] gmake: *** [Makefile:146: all] Error 2
[2.883s] Invoked command in '/home/kashif/SDR/temp3/my_gazebo_tutorials/build/walker' returned '2': CMAKE_PREFIX_PATH=${CMAKE_PREFIX_PATH}:/opt/ros/humble /usr/bin/cmake --build /home/kashif/SDR/temp3/my_gazebo_tutorials/build/walker -- -j20 -l20
