[0.007s] Invoking command in '/home/kashif/SDR/temp3/my_gazebo_tutorials/build/walker': CMAKE_PREFIX_PATH=/opt/ros/humble /usr/bin/cmake /home/kashif/SDR/temp3/my_gazebo_tutorials/walker -DCMAKE_INSTALL_PREFIX=/home/kashif/SDR/temp3/my_gazebo_tutorials/install/walker
[0.069s] -- The C compiler identification is GNU 11.4.0
[0.116s] -- The CXX compiler identification is GNU 11.4.0
[0.121s] -- Detecting C compiler ABI info
[0.194s] -- Detecting C compiler ABI info - done
[0.203s] -- Check for working C compiler: /usr/bin/cc - skipped
[0.203s] -- Detecting C compile features
[0.203s] -- Detecting C compile features - done
[0.207s] -- Detecting CXX compiler ABI info
[0.297s] -- Detecting CXX compiler ABI info - done
[0.307s] -- Check for working CXX compiler: /usr/bin/c++ - skipped
[0.307s] -- Detecting CXX compile features
[0.308s] -- Detecting CXX compile features - done
[0.318s] -- Found ament_cmake: 1.3.10 (/opt/ros/humble/share/ament_cmake/cmake)
[0.455s] -- Found Python3: /usr/bin/python3 (found version "3.10.12") found components: Interpreter 
[0.518s] -- Found rclcpp: 16.0.10 (/opt/ros/humble/share/rclcpp/cmake)
[0.544s] -- Found rosidl_generator_c: 3.1.5 (/opt/ros/humble/share/rosidl_generator_c/cmake)
[0.547s] -- Found rosidl_adapter: 3.1.5 (/opt/ros/humble/share/rosidl_adapter/cmake)
[0.552s] -- Found rosidl_generator_cpp: 3.1.5 (/opt/ros/humble/share/rosidl_generator_cpp/cmake)
[0.560s] -- Using all available rosidl_typesupport_c: rosidl_typesupport_fastrtps_c;rosidl_typesupport_introspection_c
[0.570s] -- Using all available rosidl_typesupport_cpp: rosidl_typesupport_fastrtps_cpp;rosidl_typesupport_introspection_cpp
[0.598s] -- Found rmw_implementation_cmake: 6.1.2 (/opt/ros/humble/share/rmw_implementation_cmake/cmake)
[0.599s] -- Found rmw_fastrtps_cpp: 6.2.7 (/opt/ros/humble/share/rmw_fastrtps_cpp/cmake)
[0.677s] -- Found OpenSSL: /usr/lib/x86_64-linux-gnu/libcrypto.so (found version "3.0.2")  
[0.703s] -- Found FastRTPS: /opt/ros/humble/include  
[0.741s] -- Using RMW implementation 'rmw_fastrtps_cpp' as default
[0.746s] -- Looking for pthread.h
[0.816s] -- Looking for pthread.h - found
[0.816s] -- Performing Test CMAKE_HAVE_LIBC_PTHREAD
[0.892s] -- Performing Test CMAKE_HAVE_LIBC_PTHREAD - Success
[0.893s] -- Found Threads: TRUE  
[0.935s] -- Found sensor_msgs: 4.2.4 (/opt/ros/humble/share/sensor_msgs/cmake)
[0.956s] -- Found ament_lint_auto: 0.12.11 (/opt/ros/humble/share/ament_lint_auto/cmake)
[1.000s] -- Configuring done
[1.006s] -- Generating done
[1.006s] -- Build files have been written to: /home/kashif/SDR/temp3/my_gazebo_tutorials/build/walker
[1.014s] Invoked command in '/home/kashif/SDR/temp3/my_gazebo_tutorials/build/walker' returned '0': CMAKE_PREFIX_PATH=/opt/ros/humble /usr/bin/cmake /home/kashif/SDR/temp3/my_gazebo_tutorials/walker -DCMAKE_INSTALL_PREFIX=/home/kashif/SDR/temp3/my_gazebo_tutorials/install/walker
[1.016s] Invoking command in '/home/kashif/SDR/temp3/my_gazebo_tutorials/build/walker': CMAKE_PREFIX_PATH=/opt/ros/humble /usr/bin/cmake --build /home/kashif/SDR/temp3/my_gazebo_tutorials/build/walker -- -j20 -l20
[1.067s] [ 66%] [32mBuilding CXX object CMakeFiles/robot_control.dir/src/main.cpp.o[0m
[1.067s] [ 66%] [32mBuilding CXX object CMakeFiles/robot_control.dir/src/walker_node.cpp.o[0m
[1.080s] [01m[K/home/kashif/SDR/temp3/my_gazebo_tutorials/walker/src/walker_node.cpp:1:10:[m[K [01;31m[Kfatal error: [m[Kwalker/walker_bot.hpp: No such file or directory
[1.081s]     1 | #include [01;31m[K"walker/walker_bot.hpp"[m[K
[1.081s]       |          [01;31m[K^~~~~~~~~~~~~~~~~~~~~~~[m[K
[1.081s] compilation terminated.
[1.082s] gmake[2]: *** [CMakeFiles/robot_control.dir/build.make:90: CMakeFiles/robot_control.dir/src/walker_node.cpp.o] Error 1
[1.082s] gmake[2]: *** Waiting for unfinished jobs....
[2.644s] [01m[K/home/kashif/SDR/temp3/my_gazebo_tutorials/walker/src/main.cpp:[m[K In function â€˜[01m[Kint main(int, char**)[m[Kâ€™:
[2.644s] [01m[K/home/kashif/SDR/temp3/my_gazebo_tutorials/walker/src/main.cpp:19:12:[m[K [01;31m[Kerror: [m[Kexpected â€˜[01m[K}[m[Kâ€™ at end of input
[2.644s]    19 |   return 0;
[2.644s]       |            [01;31m[K^[m[K
[2.644s] [01m[K/home/kashif/SDR/temp3/my_gazebo_tutorials/walker/src/main.cpp:14:33:[m[K [01;36m[Knote: [m[Kto match this â€˜[01m[K{[m[Kâ€™
[2.644s]    14 | int main(int argc, char** argv) [01;36m[K{[m[K
[2.644s]       |                                 [01;36m[K^[m[K
[2.944s] gmake[2]: *** [CMakeFiles/robot_control.dir/build.make:76: CMakeFiles/robot_control.dir/src/main.cpp.o] Error 1
[2.944s] gmake[1]: *** [CMakeFiles/Makefile2:137: CMakeFiles/robot_control.dir/all] Error 2
[2.944s] gmake: *** [Makefile:146: all] Error 2
[2.947s] Invoked command in '/home/kashif/SDR/temp3/my_gazebo_tutorials/build/walker' returned '2': CMAKE_PREFIX_PATH=/opt/ros/humble /usr/bin/cmake --build /home/kashif/SDR/temp3/my_gazebo_tutorials/build/walker -- -j20 -l20
